<?xml version="1.0" encoding="UTF-8"?>
<!-- Generated by org.testng.reporters.JUnitReportReporter -->
<testsuite hostname="MahaV" failures="0" tests="1" name="testCases.TC002_SavingsPage" time="25.311" errors="0" timestamp="2025-08-31T22:37:42 EDT" skipped="0">
  <testcase classname="testCases.TC002_SavingsPage" name="verify_SavingsPage_validation" time="25.311"/>
</testsuite> <!-- testCases.TC002_SavingsPage -->
