<?xml version="1.0" encoding="UTF-8"?>
<!-- Generated by org.testng.reporters.JUnitReportReporter -->
<testsuite hostname="MahaV" failures="0" tests="1" name="testCases.TC001_HomePage" time="25.037" errors="0" timestamp="2025-08-31T22:37:42 EDT" skipped="0">
  <testcase classname="testCases.TC001_HomePage" name="verify_homepage_validation" time="25.037"/>
</testsuite> <!-- testCases.TC001_HomePage -->
